  ConsoleDrawEngine.cpp
C:\Users\Isomorphism\Documents\Repos\learn-cpp\ConsoleDrawEngine\ConsoleDrawEngine\ConsoleDrawEngine.cpp(2,10): warning C4067: unexpected tokens following preprocessor directive - expected a newline
C:\Users\Isomorphism\Documents\Repos\learn-cpp\ConsoleDrawEngine\ConsoleDrawEngine\ConsoleDrawEngine.cpp(3,10): warning C4067: unexpected tokens following preprocessor directive - expected a newline
C:\Users\Isomorphism\Documents\Repos\learn-cpp\ConsoleDrawEngine\ConsoleDrawEngine\ConsoleDrawEngine.cpp(40,16): warning C4838: conversion from 'int' to 'SHORT' requires a narrowing conversion
C:\Users\Isomorphism\Documents\Repos\learn-cpp\ConsoleDrawEngine\ConsoleDrawEngine\ConsoleDrawEngine.cpp(40,19): warning C4838: conversion from 'int' to 'SHORT' requires a narrowing conversion
C:\Users\Isomorphism\Documents\Repos\learn-cpp\ConsoleDrawEngine\ConsoleDrawEngine\ConsoleDrawEngine.cpp(41,20): warning C4018: '<': signed/unsigned mismatch
C:\Users\Isomorphism\Documents\Repos\learn-cpp\ConsoleDrawEngine\ConsoleDrawEngine\ConsoleDrawEngine.cpp(49,16): warning C4838: conversion from 'int' to 'SHORT' requires a narrowing conversion
C:\Users\Isomorphism\Documents\Repos\learn-cpp\ConsoleDrawEngine\ConsoleDrawEngine\ConsoleDrawEngine.cpp(49,19): warning C4838: conversion from 'int' to 'SHORT' requires a narrowing conversion
C:\Users\Isomorphism\Documents\Repos\learn-cpp\ConsoleDrawEngine\ConsoleDrawEngine\ConsoleDrawEngine.cpp(56,16): warning C4838: conversion from 'int' to 'SHORT' requires a narrowing conversion
  ConsoleGameEngine.cpp
C:\Users\Isomorphism\Documents\Repos\learn-cpp\ConsoleDrawEngine\ConsoleDrawEngine\ConsoleDrawEngine.cpp(56,19): warning C4838: conversion from 'int' to 'SHORT' requires a narrowing conversion
C:\Users\Isomorphism\Documents\Repos\learn-cpp\ConsoleDrawEngine\ConsoleDrawEngine\ConsoleGameEngine.cpp(34,72): warning C4244: '-=': conversion from 'double' to 'float', possible loss of data
C:\Users\Isomorphism\Documents\Repos\learn-cpp\ConsoleDrawEngine\ConsoleDrawEngine\ConsoleGameEngine.cpp(35,72): warning C4244: '+=': conversion from 'double' to 'float', possible loss of data
C:\Users\Isomorphism\Documents\Repos\learn-cpp\ConsoleDrawEngine\ConsoleDrawEngine\ConsoleGameEngine.cpp(36,72): warning C4244: '-=': conversion from 'double' to 'float', possible loss of data
C:\Users\Isomorphism\Documents\Repos\learn-cpp\ConsoleDrawEngine\ConsoleDrawEngine\ConsoleGameEngine.cpp(37,72): warning C4244: '+=': conversion from 'double' to 'float', possible loss of data
C:\Users\Isomorphism\Documents\Repos\learn-cpp\ConsoleDrawEngine\ConsoleDrawEngine\ConsoleGameEngine.cpp(38,36): warning C4244: 'argument': conversion from 'float' to 'int', possible loss of data
C:\Users\Isomorphism\Documents\Repos\learn-cpp\ConsoleDrawEngine\ConsoleDrawEngine\ConsoleGameEngine.cpp(38,19): warning C4244: 'argument': conversion from 'float' to 'int', possible loss of data
C:\Users\Isomorphism\Documents\Repos\learn-cpp\ConsoleDrawEngine\ConsoleDrawEngine\ConsoleGameEngine.cpp(55,32): warning C4244: 'argument': conversion from 'float' to 'int', possible loss of data
C:\Users\Isomorphism\Documents\Repos\learn-cpp\ConsoleDrawEngine\ConsoleDrawEngine\ConsoleGameEngine.cpp(55,15): warning C4244: 'argument': conversion from 'float' to 'int', possible loss of data
C:\Users\Isomorphism\Documents\Repos\learn-cpp\ConsoleDrawEngine\ConsoleDrawEngine\ConsoleGameEngine.cpp(56,37): warning C4244: 'argument': conversion from 'float' to 'int', possible loss of data
  main.cpp
  Map.cpp
C:\Users\Isomorphism\Documents\Repos\learn-cpp\ConsoleDrawEngine\ConsoleDrawEngine\ConsoleGameEngine.cpp(56,20): warning C4244: 'argument': conversion from 'float' to 'int', possible loss of data
  Generating code
  97 of 210 functions (46.2%) were compiled, the rest were copied from previous compilation.
    17 functions were new in current compilation
    28 functions had inline decision re-evaluated but remain unchanged
  Finished generating code
  ConsoleDrawEngine.vcxproj -> C:\Users\Isomorphism\Documents\Repos\learn-cpp\ConsoleDrawEngine\Release\ConsoleDrawEngine.exe
